2017-06-07 16:31:38 DEBUG Logging:42 - Program execution finishes properly
2017-06-07 16:33:08 INFO  BankTest:25 - ===Before Class Starts===
2017-06-07 16:33:08 DEBUG Logging:42 - Program execution finishes properly
2017-06-07 16:36:41 INFO  BankTest:25 - ===Before Class Starts===

2017-06-07 16:37:47 INFO  BankTest:25 - ===Before Class Starts===

2017-06-07 16:40:04 INFO  BankTest:25 - ===Before Class Starts===

2017-06-07 16:42:41 INFO  BankTest:25 - ===Before Class Starts===

2017-06-07 16:43:39 INFO  BankTest:25 - ===Before Class Starts===

2017-06-07 16:44:31 INFO  BankTest:25 - ===Before Class Starts===

2017-06-07 16:45:00 INFO  BankTest:25 - ===Before Class Starts===

2017-06-07 16:48:17 INFO  BankTest:25 - ===Before Class Starts===

2017-06-07 16:48:17 DEBUG Logging:42 - Program execution finishes properly
2017-06-07 16:56:22 INFO  BankTest:25 - ===Before Class Starts===

2017-06-07 17:40:20 INFO  BankTest:25 - ===Before Class Starts===

2017-06-07 17:40:48 INFO  BankTest:25 - ===Before Class Starts===

2017-06-07 17:41:17 INFO  BankTest:25 - ===Before Class Starts===

2017-06-07 17:41:17 INFO  Logging:54 - A new object was created
2017-06-07 17:41:17 DEBUG Logging:42 - Program execution finishes properly
2017-06-07 17:44:18 INFO  BankTest:25 - ===Before Class Starts===

2017-06-07 17:44:18 INFO  Logging:54 - A new object was created
2017-06-07 17:44:18 INFO  Logging:54 - A new object was created
2017-06-07 17:44:18 INFO  Logging:54 - A new object was created
2017-06-07 17:44:18 INFO  Logging:54 - A new object was created
2017-06-07 17:44:18 INFO  Logging:54 - A new object was created
2017-06-07 17:44:18 INFO  Logging:54 - A new object was created
2017-06-07 17:44:18 INFO  Logging:54 - A new object was created
2017-06-07 17:44:18 INFO  Logging:54 - A new object was created
2017-06-07 17:44:18 DEBUG Logging:42 - Program execution finishes properly
2017-06-07 18:00:50 INFO  BankTest:25 - ===Before Class Starts===

2017-06-07 18:00:50 INFO  Logging:55 - A new object was created
2017-06-07 18:00:50 INFO  Logging:55 - A new object was created
2017-06-07 18:00:50 INFO  Logging:55 - A new object was created
2017-06-07 18:00:50 INFO  Logging:55 - A new object was created
2017-06-07 18:00:50 INFO  Logging:55 - A new object was created
2017-06-07 18:00:50 INFO  Logging:55 - A new object was created
2017-06-07 18:00:50 INFO  Logging:55 - A new object was created
2017-06-07 18:00:50 INFO  Logging:55 - A new object was created
2017-06-07 18:00:50 DEBUG Logging:42 - Program execution finishes properly
2017-06-07 18:01:18 INFO  BankTest:25 - ===Before Class Starts===

2017-06-07 18:01:18 INFO  Logging:55 - A new object was created
2017-06-07 18:01:18 INFO  Logging:55 - A new object was created
2017-06-07 18:01:18 INFO  Logging:55 - A new object was created
2017-06-07 18:01:18 INFO  Logging:55 - A new object was created
2017-06-07 18:01:18 INFO  Logging:55 - A new object was created
2017-06-07 18:01:18 INFO  Logging:55 - A new object was created
2017-06-07 18:01:18 INFO  Logging:55 - A new object was created
2017-06-07 18:01:18 INFO  Logging:55 - A new object was created
2017-06-07 18:01:18 DEBUG Logging:42 - Program execution finishes properly
2017-06-07 18:02:41 INFO  BankTest:25 - ===Before Class Starts===

2017-06-07 18:02:41 INFO  Logging:55 - A new object was created
2017-06-07 18:02:41 INFO  Logging:55 - A new object was created
2017-06-07 18:02:41 INFO  Logging:55 - A new object was created
2017-06-07 18:02:41 INFO  Logging:55 - A new object was created
2017-06-07 18:02:41 INFO  Logging:55 - A new object was created
2017-06-07 18:02:41 INFO  Logging:55 - A new object was created
2017-06-07 18:02:41 INFO  Logging:55 - A new object was created
2017-06-07 18:02:41 INFO  Logging:55 - A new object was created
2017-06-07 18:02:41 DEBUG Logging:42 - Program execution finishes properly
2017-06-07 18:03:36 INFO  BankTest:25 - ===Before Class Starts===

2017-06-07 18:03:36 INFO  Logging:55 - A new object was created
2017-06-07 18:03:36 INFO  Logging:55 - A new object was created
2017-06-07 18:03:36 INFO  Logging:55 - A new object was created
2017-06-07 18:03:36 INFO  Logging:55 - A new object was created
2017-06-07 18:03:36 INFO  Logging:55 - A new object was created
2017-06-07 18:03:36 INFO  Logging:55 - A new object was created
2017-06-07 18:03:36 INFO  Logging:55 - A new object was created
2017-06-07 18:03:36 INFO  Logging:55 - A new object was created
2017-06-07 18:03:36 DEBUG Logging:42 - Program execution finishes properly
2017-06-07 18:03:48 INFO  BankTest:25 - ===Before Class Starts===

2017-06-07 18:03:48 INFO  Logging:55 - A new object was created
2017-06-07 18:03:48 INFO  Logging:55 - A new object was created
2017-06-07 18:03:48 INFO  Logging:55 - A new object was created
2017-06-07 18:03:48 INFO  Logging:55 - A new object was created
2017-06-07 18:03:48 INFO  Logging:55 - A new object was created
2017-06-07 18:03:48 INFO  Logging:55 - A new object was created
2017-06-07 18:03:48 INFO  Logging:55 - A new object was created
2017-06-07 18:03:48 INFO  Logging:55 - A new object was created
2017-06-07 18:03:48 DEBUG Logging:42 - Program execution finishes properly
2017-06-07 18:35:53 INFO  BankTest:25 - ===Before Class Starts===

2017-06-07 18:36:11 INFO  BankTest:25 - ===Before Class Starts===

2017-06-07 18:36:11 INFO  Logging:55 - A new object was created
2017-06-07 18:36:11 INFO  Logging:55 - A new object was created
2017-06-07 18:36:11 INFO  Logging:55 - A new object was created
2017-06-07 18:36:11 INFO  Logging:55 - A new object was created
2017-06-07 18:36:11 INFO  Logging:55 - A new object was created
2017-06-07 18:36:11 INFO  Logging:55 - A new object was created
2017-06-07 18:36:11 INFO  Logging:55 - A new object was created
2017-06-07 18:36:11 INFO  Logging:55 - A new object was created
2017-06-07 18:36:11 DEBUG Logging:42 - Program execution finishes properly
2017-06-07 18:52:46 INFO  BankTest:21 - ===Before Class Starts===

2017-06-07 18:52:46 INFO  Logging:55 - A new object was created
2017-06-07 18:52:46 INFO  Logging:55 - A new object was created
2017-06-07 18:52:46 INFO  Logging:55 - A new object was created
2017-06-07 18:55:09 INFO  BankTest:21 - ===Before Class Starts===

2017-06-07 18:55:09 INFO  Logging:55 - A new object was created
2017-06-07 18:55:09 INFO  Logging:55 - A new object was created
2017-06-07 18:55:09 INFO  Logging:55 - A new object was created
2017-06-07 18:55:51 INFO  BankTest:21 - ===Before Class Starts===

2017-06-07 18:55:51 INFO  Logging:55 - A new object was created
2017-06-07 18:55:51 INFO  Logging:55 - A new object was created
2017-06-07 18:55:51 INFO  Logging:55 - A new object was created
2017-06-07 18:56:16 INFO  BankTest:21 - ===Before Class Starts===

2017-06-07 18:56:16 INFO  Logging:55 - A new object was created
2017-06-07 18:56:16 INFO  Logging:55 - A new object was created
2017-06-07 18:56:16 INFO  Logging:55 - A new object was created
2017-06-07 19:13:42 INFO  BankTest:21 - ===Before Class Starts===

2017-06-07 19:13:42 INFO  Logging:55 - A new object was created
2017-06-07 19:13:42 INFO  Logging:55 - A new object was created
2017-06-07 19:13:42 INFO  Logging:55 - A new object was created
2017-06-07 19:14:57 INFO  BankTest:21 - ===Before Class Starts===

2017-06-07 19:14:57 INFO  Logging:55 - A new object was created
2017-06-07 19:14:57 INFO  Logging:55 - A new object was created
2017-06-07 19:14:57 INFO  Logging:55 - A new object was created
2017-06-07 19:15:59 INFO  BankTest:21 - ===Before Class Starts===

2017-06-07 19:15:59 INFO  Logging:55 - A new object was created
2017-06-07 19:15:59 INFO  Logging:55 - A new object was created
2017-06-07 19:15:59 INFO  Logging:55 - A new object was created
2017-06-07 19:18:01 INFO  BankTest:21 - ===Before Class Starts===

2017-06-07 19:18:01 INFO  Logging:55 - A new object was created
2017-06-07 19:18:01 INFO  Logging:55 - A new object was created
2017-06-07 19:18:01 INFO  Logging:55 - A new object was created
2017-06-07 19:18:01 INFO  Logging:55 - A new object was created
2017-06-07 19:18:01 INFO  Logging:55 - A new object was created
2017-06-07 19:18:01 INFO  Logging:55 - A new object was created
2017-06-07 19:18:01 INFO  Logging:55 - A new object was created
2017-06-07 19:18:01 INFO  Logging:55 - A new object was created
2017-06-07 19:18:01 DEBUG Logging:42 - Program execution finishes properly
2017-06-07 19:25:39 INFO  BankTest:21 - ===Before Class Starts===

2017-06-07 19:26:21 INFO  BankTest:21 - ===Before Class Starts===

2017-06-07 19:26:49 INFO  BankTest:21 - ===Before Class Starts===

2017-06-07 19:26:49 INFO  Logging:55 - A new object was created
2017-06-07 19:26:49 INFO  Logging:55 - A new object was created
2017-06-07 19:26:49 INFO  Logging:55 - A new object was created
2017-06-07 19:26:49 INFO  Logging:55 - A new object was created
2017-06-07 19:26:49 INFO  Logging:55 - A new object was created
2017-06-07 19:26:49 INFO  Logging:55 - A new object was created
2017-06-07 19:26:49 INFO  Logging:55 - A new object was created
2017-06-07 19:26:49 INFO  Logging:55 - A new object was created
2017-06-07 19:26:49 DEBUG Logging:42 - Program execution finishes properly
2017-06-07 19:33:11 INFO  BankTest:21 - ===Before Class Starts===

2017-06-07 19:33:11 INFO  Logging:55 - A new object was created
2017-06-07 19:33:11 INFO  Logging:55 - A new object was created
2017-06-07 19:33:11 INFO  Logging:55 - A new object was created
2017-06-07 19:33:11 INFO  Logging:55 - A new object was created
2017-06-07 19:33:11 INFO  Logging:55 - A new object was created
2017-06-07 19:33:11 INFO  Logging:55 - A new object was created
2017-06-07 19:33:11 INFO  Logging:55 - A new object was created
2017-06-07 19:33:11 INFO  Logging:55 - A new object was created
2017-06-07 19:33:11 INFO  Logging:59 - Objects ready to print ......
2017-06-07 19:33:11 DEBUG Logging:42 - Program execution finishes properly
2017-06-07 19:33:42 INFO  BankTest:21 - ===Before Class Starts===

2017-06-07 19:34:01 INFO  BankTest:21 - ===Before Class Starts===

2017-06-07 19:34:01 INFO  Logging:55 - A new object was created
2017-06-07 19:34:01 INFO  Logging:55 - A new object was created
2017-06-07 19:34:01 INFO  Logging:55 - A new object was created
2017-06-07 19:34:01 INFO  Logging:55 - A new object was created
2017-06-07 19:34:01 INFO  Logging:55 - A new object was created
2017-06-07 19:34:01 INFO  Logging:55 - A new object was created
2017-06-07 19:34:01 INFO  Logging:55 - A new object was created
2017-06-07 19:34:01 INFO  Logging:55 - A new object was created
2017-06-07 19:34:01 INFO  Logging:59 - Objects ready to print
2017-06-07 19:34:01 DEBUG Logging:42 - Program execution finishes properly
2017-06-07 19:59:50 INFO  BankTest:22 - ===Before Class Starts===

2017-06-07 19:59:50 INFO  Logging:40 - A new object was created
2017-06-07 19:59:50 INFO  Logging:40 - A new object was created
2017-06-07 19:59:50 INFO  Logging:40 - A new object was created
2017-06-07 19:59:50 INFO  Logging:40 - A new object was created
2017-06-07 19:59:50 INFO  Logging:40 - A new object was created
2017-06-07 19:59:50 INFO  Logging:40 - A new object was created
2017-06-07 19:59:50 INFO  Logging:40 - A new object was created
2017-06-07 19:59:50 INFO  Logging:40 - A new object was created
2017-06-07 19:59:50 INFO  Logging:40 - A new object was created
2017-06-07 19:59:50 INFO  Logging:45 - Objects ready to print
2017-06-07 19:59:50 DEBUG Logging:25 - Program execution finishes properly
2017-06-07 20:02:07 INFO  BankTest:22 - ===Before Class Starts===

2017-06-07 20:02:07 INFO  Logging:40 - A new object was created
2017-06-07 20:02:07 INFO  Logging:40 - A new object was created
2017-06-07 20:02:07 INFO  Logging:40 - A new object was created
2017-06-07 20:02:07 INFO  Logging:40 - A new object was created
2017-06-07 20:02:07 INFO  Logging:40 - A new object was created
2017-06-07 20:02:07 INFO  Logging:40 - A new object was created
2017-06-07 20:02:07 INFO  Logging:40 - A new object was created
2017-06-07 20:02:07 INFO  Logging:40 - A new object was created
2017-06-07 20:02:07 INFO  Logging:40 - A new object was created
2017-06-07 20:02:07 INFO  Logging:45 - Objects ready to print
2017-06-07 20:02:07 DEBUG Logging:25 - Program execution finishes properly
2017-06-07 20:03:17 INFO  BankTest:22 - ===Before Class Starts===

2017-06-07 20:03:17 INFO  Logging:40 - A new object was created
2017-06-07 20:03:17 INFO  Logging:40 - A new object was created
2017-06-07 20:03:17 INFO  Logging:40 - A new object was created
2017-06-07 20:03:17 INFO  Logging:40 - A new object was created
2017-06-07 20:03:17 INFO  Logging:40 - A new object was created
2017-06-07 20:03:17 INFO  Logging:40 - A new object was created
2017-06-07 20:03:17 INFO  Logging:40 - A new object was created
2017-06-07 20:03:17 INFO  Logging:40 - A new object was created
2017-06-07 20:03:17 INFO  Logging:40 - A new object was created
2017-06-07 20:03:17 INFO  Logging:45 - Objects ready to print
2017-06-07 20:03:17 DEBUG Logging:25 - Program execution finishes properly
2017-06-07 20:03:53 INFO  BankTest:22 - ===Before Class Starts===

2017-06-07 20:03:53 INFO  Logging:40 - A new object was created
2017-06-07 20:03:53 INFO  Logging:40 - A new object was created
2017-06-07 20:03:53 INFO  Logging:40 - A new object was created
2017-06-07 20:03:53 INFO  Logging:40 - A new object was created
2017-06-07 20:03:53 INFO  Logging:40 - A new object was created
2017-06-07 20:03:53 INFO  Logging:40 - A new object was created
2017-06-07 20:03:53 INFO  Logging:40 - A new object was created
2017-06-07 20:03:53 INFO  Logging:40 - A new object was created
2017-06-07 20:03:53 INFO  Logging:40 - A new object was created
2017-06-07 20:03:53 INFO  Logging:45 - Objects ready to print
2017-06-07 20:03:53 DEBUG Logging:25 - Program execution finishes properly
